<?xml version="1.0" encoding="UTF-8" ?>
<testsuites disabled="0" errors="0" failures="1" tests="2" time="12.447">
 <testsuite name="demo calcurator tests" timestamp="2021-10-21T08:58:48" hostname="localhost" time="12.447" errors="0" tests="2" skipped="0" disabled="0" failures="1">
  <testcase classname="demo calcurator tests" name="addition test" time="6.588" />
  <testcase classname="demo calcurator tests" name=" test2" time="5.855">
   <failure type="toEqual" message="Expected &apos;8:58:57 AM&apos; to equal &apos;5&apos;."><![CDATA[Error: Failed expectation
    at homepage.verifyResult (/home/ubuntu/1-TestAutomation/Exercices/Protracttor3/pages/homePage.js:21:30)
    at UserContext.<anonymous> (/home/ubuntu/1-TestAutomation/Exercices/Protracttor3/tests/Calculator.js:41:18)
    at /usr/local/lib/node_modules/protractor/node_modules/jasminewd2/index.js:112:25
    at new ManagedPromise (/usr/local/lib/node_modules/protractor/node_modules/selenium-webdriver/lib/promise.js:1077:7)
    at ControlFlow.promise (/usr/local/lib/node_modules/protractor/node_modules/selenium-webdriver/lib/promise.js:2505:12)
    at schedulerExecute (/usr/local/lib/node_modules/protractor/node_modules/jasminewd2/index.js:95:18)
    at TaskQueue.execute_ (/usr/local/lib/node_modules/protractor/node_modules/selenium-webdriver/lib/promise.js:3084:14)
    at TaskQueue.executeNext_ (/usr/local/lib/node_modules/protractor/node_modules/selenium-webdriver/lib/promise.js:3067:27)
    at asyncRun (/usr/local/lib/node_modules/protractor/node_modules/selenium-webdriver/lib/promise.js:2927:27)]]>
   </failure>
  </testcase>
 </testsuite>
</testsuites>